This file contains any messages produced by compilers while
running configure, to aid debugging if configure makes a mistake.

It was created by BEETL configure 1.1.0, which was
generated by GNU Autoconf 2.69.  Invocation command line was

  $ /home/linuxlite/Scrivania/BEETL-RELEASE_1_1_0/configure 

## --------- ##
## Platform. ##
## --------- ##

hostname = linuxlite-VirtualBox
uname -m = x86_64
uname -r = 5.4.0-122-generic
uname -s = Linux
uname -v = #138-Ubuntu SMP Wed Jun 22 15:00:31 UTC 2022

/usr/bin/uname -p = x86_64
/bin/uname -X     = unknown

/bin/arch              = x86_64
/usr/bin/arch -k       = unknown
/usr/convex/getsysinfo = unknown
/usr/bin/hostinfo      = unknown
/bin/machine           = unknown
/usr/bin/oslevel       = unknown
/bin/universe          = unknown

PATH: /usr/local/sbin
PATH: /usr/local/bin
PATH: /usr/sbin
PATH: /usr/bin
PATH: /sbin
PATH: /bin
PATH: /usr/games
PATH: /usr/local/games
PATH: /snap/bin
PATH: /snap/clion/203/bin/ninja/linux


## ----------- ##
## Core tests. ##
## ----------- ##

configure:2319: checking for a BSD-compatible install
configure:2387: result: /usr/bin/install -c
configure:2398: checking whether build environment is sane
configure:2453: result: yes
configure:2602: checking for a thread-safe mkdir -p
configure:2641: result: /usr/bin/mkdir -p
configure:2648: checking for gawk
configure:2664: found /usr/bin/gawk
configure:2675: result: gawk
configure:2686: checking whether make sets $(MAKE)
configure:2708: result: yes
configure:2737: checking whether make supports nested variables
configure:2754: result: yes
configure:2950: checking for g++
configure:2966: found /usr/bin/g++
configure:2977: result: g++
configure:3004: checking for C++ compiler version
configure:3013: g++ --version >&5
g++ (Ubuntu 9.4.0-1ubuntu1~20.04.1) 9.4.0
Copyright (C) 2019 Free Software Foundation, Inc.
This is free software; see the source for copying conditions.  There is NO
warranty; not even for MERCHANTABILITY or FITNESS FOR A PARTICULAR PURPOSE.

configure:3024: $? = 0
configure:3013: g++ -v >&5
Using built-in specs.
COLLECT_GCC=g++
COLLECT_LTO_WRAPPER=/usr/lib/gcc/x86_64-linux-gnu/9/lto-wrapper
OFFLOAD_TARGET_NAMES=nvptx-none:hsa
OFFLOAD_TARGET_DEFAULT=1
Target: x86_64-linux-gnu
Configured with: ../src/configure -v --with-pkgversion='Ubuntu 9.4.0-1ubuntu1~20.04.1' --with-bugurl=file:///usr/share/doc/gcc-9/README.Bugs --enable-languages=c,ada,c++,go,brig,d,fortran,objc,obj-c++,gm2 --prefix=/usr --with-gcc-major-version-only --program-suffix=-9 --program-prefix=x86_64-linux-gnu- --enable-shared --enable-linker-build-id --libexecdir=/usr/lib --without-included-gettext --enable-threads=posix --libdir=/usr/lib --enable-nls --enable-clocale=gnu --enable-libstdcxx-debug --enable-libstdcxx-time=yes --with-default-libstdcxx-abi=new --enable-gnu-unique-object --disable-vtable-verify --enable-plugin --enable-default-pie --with-system-zlib --with-target-system-zlib=auto --enable-objc-gc=auto --enable-multiarch --disable-werror --with-arch-32=i686 --with-abi=m64 --with-multilib-list=m32,m64,mx32 --enable-multilib --with-tune=generic --enable-offload-targets=nvptx-none=/build/gcc-9-Av3uEd/gcc-9-9.4.0/debian/tmp-nvptx/usr,hsa --without-cuda-driver --enable-checking=release --build=x86_64-linux-gnu --host=x86_64-linux-gnu --target=x86_64-linux-gnu
Thread model: posix
gcc version 9.4.0 (Ubuntu 9.4.0-1ubuntu1~20.04.1) 
configure:3024: $? = 0
configure:3013: g++ -V >&5
g++: error: unrecognized command line option '-V'
g++: fatal error: no input files
compilation terminated.
configure:3024: $? = 1
configure:3013: g++ -qversion >&5
g++: error: unrecognized command line option '-qversion'; did you mean '--version'?
g++: fatal error: no input files
compilation terminated.
configure:3024: $? = 1
configure:3044: checking whether the C++ compiler works
configure:3066: g++    conftest.cpp  >&5
configure:3070: $? = 0
configure:3118: result: yes
configure:3121: checking for C++ compiler default output file name
configure:3123: result: a.out
configure:3129: checking for suffix of executables
configure:3136: g++ -o conftest    conftest.cpp  >&5
configure:3140: $? = 0
configure:3162: result: 
configure:3184: checking whether we are cross compiling
configure:3192: g++ -o conftest    conftest.cpp  >&5
configure:3196: $? = 0
configure:3203: ./conftest
configure:3207: $? = 0
configure:3195: result: no
configure:3200: checking for suffix of object files
configure:3222: g++ -c   conftest.cpp >&5
configure:3226: $? = 0
configure:3247: result: o
configure:3251: checking whether we are using the GNU C++ compiler
configure:3270: g++ -c   conftest.cpp >&5
configure:3270: $? = 0
configure:3279: result: yes
configure:3288: checking whether g++ accepts -g
configure:3308: g++ -c -g  conftest.cpp >&5
configure:3308: $? = 0
configure:3349: result: yes
configure:3375: checking whether make supports the include directive
configure:3390: make -f confmf.GNU && cat confinc.out
this is the am__doit target
configure:3393: $? = 0
configure:3412: result: yes (GNU style)
configure:3437: checking dependency style of g++
configure:3548: result: gcc3
configure:3564: checking whether ln -s works
configure:3568: result: yes
configure:3623: checking for gcc
configure:3639: found /usr/bin/gcc
configure:3650: result: gcc
configure:3879: checking for C compiler version
configure:3888: gcc --version >&5
gcc (Ubuntu 9.4.0-1ubuntu1~20.04.1) 9.4.0
Copyright (C) 2019 Free Software Foundation, Inc.
This is free software; see the source for copying conditions.  There is NO
warranty; not even for MERCHANTABILITY or FITNESS FOR A PARTICULAR PURPOSE.

configure:3899: $? = 0
configure:3888: gcc -v >&5
Using built-in specs.
COLLECT_GCC=gcc
COLLECT_LTO_WRAPPER=/usr/lib/gcc/x86_64-linux-gnu/9/lto-wrapper
OFFLOAD_TARGET_NAMES=nvptx-none:hsa
OFFLOAD_TARGET_DEFAULT=1
Target: x86_64-linux-gnu
Configured with: ../src/configure -v --with-pkgversion='Ubuntu 9.4.0-1ubuntu1~20.04.1' --with-bugurl=file:///usr/share/doc/gcc-9/README.Bugs --enable-languages=c,ada,c++,go,brig,d,fortran,objc,obj-c++,gm2 --prefix=/usr --with-gcc-major-version-only --program-suffix=-9 --program-prefix=x86_64-linux-gnu- --enable-shared --enable-linker-build-id --libexecdir=/usr/lib --without-included-gettext --enable-threads=posix --libdir=/usr/lib --enable-nls --enable-clocale=gnu --enable-libstdcxx-debug --enable-libstdcxx-time=yes --with-default-libstdcxx-abi=new --enable-gnu-unique-object --disable-vtable-verify --enable-plugin --enable-default-pie --with-system-zlib --with-target-system-zlib=auto --enable-objc-gc=auto --enable-multiarch --disable-werror --with-arch-32=i686 --with-abi=m64 --with-multilib-list=m32,m64,mx32 --enable-multilib --with-tune=generic --enable-offload-targets=nvptx-none=/build/gcc-9-Av3uEd/gcc-9-9.4.0/debian/tmp-nvptx/usr,hsa --without-cuda-driver --enable-checking=release --build=x86_64-linux-gnu --host=x86_64-linux-gnu --target=x86_64-linux-gnu
Thread model: posix
gcc version 9.4.0 (Ubuntu 9.4.0-1ubuntu1~20.04.1) 
configure:3899: $? = 0
configure:3888: gcc -V >&5
gcc: error: unrecognized command line option '-V'
gcc: fatal error: no input files
compilation terminated.
configure:3899: $? = 1
configure:3888: gcc -qversion >&5
gcc: error: unrecognized command line option '-qversion'; did you mean '--version'?
gcc: fatal error: no input files
compilation terminated.
configure:3899: $? = 1
configure:3903: checking whether we are using the GNU C compiler
configure:3922: gcc -c   conftest.c >&5
configure:3922: $? = 0
configure:3931: result: yes
configure:3940: checking whether gcc accepts -g
configure:3960: gcc -c -g  conftest.c >&5
configure:3960: $? = 0
configure:4001: result: yes
configure:4018: checking for gcc option to accept ISO C89
configure:4081: gcc  -c -g -O2  conftest.c >&5
configure:4081: $? = 0
configure:4094: result: none needed
configure:4119: checking whether gcc understands -c and -o together
configure:4141: gcc -c conftest.c -o conftest2.o
configure:4144: $? = 0
configure:4141: gcc -c conftest.c -o conftest2.o
configure:4144: $? = 0
configure:4156: result: yes
configure:4175: checking dependency style of gcc
configure:4286: result: gcc3
configure:4344: checking for ranlib
configure:4360: found /usr/bin/ranlib
configure:4371: result: ranlib
configure:4444: checking whether g++ supports C++11 features by default
configure:4470: g++ -c -g -O2  conftest.cpp >&5
configure:4470: $? = 0
configure:4477: result: yes
configure:4623: checking for g++ option to support OpenMP
configure:4638: g++ -o conftest -g -O2   conftest.cpp  >&5
conftest.cpp:14:2: error: 'choke' does not name a type
   14 |  choke me
      |  ^~~~~
In file included from conftest.cpp:16:
/usr/lib/gcc/x86_64-linux-gnu/9/include/omp.h:39:3: error: 'omp_lock_t' does not name a type
   39 | } omp_lock_t;
      |   ^~~~~~~~~~
/usr/lib/gcc/x86_64-linux-gnu/9/include/omp.h:125:28: error: variable or field 'omp_init_lock' declared void
  125 | extern void omp_init_lock (omp_lock_t *) __GOMP_NOTHROW;
      |                            ^~~~~~~~~~
/usr/lib/gcc/x86_64-linux-gnu/9/include/omp.h:125:28: error: 'omp_lock_t' was not declared in this scope; did you mean 'omp_lock_hint_t'?
  125 | extern void omp_init_lock (omp_lock_t *) __GOMP_NOTHROW;
      |                            ^~~~~~~~~~
      |                            omp_lock_hint_t
/usr/lib/gcc/x86_64-linux-gnu/9/include/omp.h:125:40: error: expected primary-expression before ')' token
  125 | extern void omp_init_lock (omp_lock_t *) __GOMP_NOTHROW;
      |                                        ^
/usr/lib/gcc/x86_64-linux-gnu/9/include/omp.h:126:38: error: variable or field 'omp_init_lock_with_hint' declared void
  126 | extern void omp_init_lock_with_hint (omp_lock_t *, omp_sync_hint_t)
      |                                      ^~~~~~~~~~
/usr/lib/gcc/x86_64-linux-gnu/9/include/omp.h:126:38: error: 'omp_lock_t' was not declared in this scope; did you mean 'omp_lock_hint_t'?
  126 | extern void omp_init_lock_with_hint (omp_lock_t *, omp_sync_hint_t)
      |                                      ^~~~~~~~~~
      |                                      omp_lock_hint_t
/usr/lib/gcc/x86_64-linux-gnu/9/include/omp.h:126:50: error: expected primary-expression before ',' token
  126 | extern void omp_init_lock_with_hint (omp_lock_t *, omp_sync_hint_t)
      |                                                  ^
/usr/lib/gcc/x86_64-linux-gnu/9/include/omp.h:126:67: error: expected primary-expression before ')' token
  126 | extern void omp_init_lock_with_hint (omp_lock_t *, omp_sync_hint_t)
      |                                                                   ^
/usr/lib/gcc/x86_64-linux-gnu/9/include/omp.h:128:31: error: variable or field 'omp_destroy_lock' declared void
  128 | extern void omp_destroy_lock (omp_lock_t *) __GOMP_NOTHROW;
      |                               ^~~~~~~~~~
/usr/lib/gcc/x86_64-linux-gnu/9/include/omp.h:128:31: error: 'omp_lock_t' was not declared in this scope; did you mean 'omp_lock_hint_t'?
  128 | extern void omp_destroy_lock (omp_lock_t *) __GOMP_NOTHROW;
      |                               ^~~~~~~~~~
      |                               omp_lock_hint_t
/usr/lib/gcc/x86_64-linux-gnu/9/include/omp.h:128:43: error: expected primary-expression before ')' token
  128 | extern void omp_destroy_lock (omp_lock_t *) __GOMP_NOTHROW;
      |                                           ^
/usr/lib/gcc/x86_64-linux-gnu/9/include/omp.h:129:27: error: variable or field 'omp_set_lock' declared void
  129 | extern void omp_set_lock (omp_lock_t *) __GOMP_NOTHROW;
      |                           ^~~~~~~~~~
/usr/lib/gcc/x86_64-linux-gnu/9/include/omp.h:129:27: error: 'omp_lock_t' was not declared in this scope; did you mean 'omp_lock_hint_t'?
  129 | extern void omp_set_lock (omp_lock_t *) __GOMP_NOTHROW;
      |                           ^~~~~~~~~~
      |                           omp_lock_hint_t
/usr/lib/gcc/x86_64-linux-gnu/9/include/omp.h:129:39: error: expected primary-expression before ')' token
  129 | extern void omp_set_lock (omp_lock_t *) __GOMP_NOTHROW;
      |                                       ^
/usr/lib/gcc/x86_64-linux-gnu/9/include/omp.h:130:29: error: variable or field 'omp_unset_lock' declared void
  130 | extern void omp_unset_lock (omp_lock_t *) __GOMP_NOTHROW;
      |                             ^~~~~~~~~~
/usr/lib/gcc/x86_64-linux-gnu/9/include/omp.h:130:29: error: 'omp_lock_t' was not declared in this scope; did you mean 'omp_lock_hint_t'?
  130 | extern void omp_unset_lock (omp_lock_t *) __GOMP_NOTHROW;
      |                             ^~~~~~~~~~
      |                             omp_lock_hint_t
/usr/lib/gcc/x86_64-linux-gnu/9/include/omp.h:130:41: error: expected primary-expression before ')' token
  130 | extern void omp_unset_lock (omp_lock_t *) __GOMP_NOTHROW;
      |                                         ^
/usr/lib/gcc/x86_64-linux-gnu/9/include/omp.h:131:27: error: 'omp_lock_t' was not declared in this scope; did you mean 'omp_lock_hint_t'?
  131 | extern int omp_test_lock (omp_lock_t *) __GOMP_NOTHROW;
      |                           ^~~~~~~~~~
      |                           omp_lock_hint_t
/usr/lib/gcc/x86_64-linux-gnu/9/include/omp.h:131:39: error: expected primary-expression before ')' token
  131 | extern int omp_test_lock (omp_lock_t *) __GOMP_NOTHROW;
      |                                       ^
configure:4638: $? = 1
configure: failed program was:
| /* confdefs.h */
| #define PACKAGE_NAME "BEETL"
| #define PACKAGE_TARNAME "beetl"
| #define PACKAGE_VERSION "1.1.0"
| #define PACKAGE_STRING "BEETL 1.1.0"
| #define PACKAGE_BUGREPORT "acox@illumina.com"
| #define PACKAGE_URL ""
| #define PACKAGE "beetl"
| #define VERSION "1.1.0"
| #define HAVE_CXX11 1
| /* end confdefs.h.  */
| 
| #ifndef _OPENMP
|  choke me
| #endif
| #include <omp.h>
| int main () { return omp_get_num_threads (); }
| 
configure:4656: g++ -o conftest -g -O2 -fopenmp   conftest.cpp  >&5
configure:4656: $? = 0
configure:4670: result: -fopenmp
configure:4787: checking how to run the C++ preprocessor
configure:4814: g++ -E  conftest.cpp
configure:4814: $? = 0
configure:4828: g++ -E  conftest.cpp
conftest.cpp:12:10: fatal error: ac_nonexistent.h: No such file or directory
   12 | #include <ac_nonexistent.h>
      |          ^~~~~~~~~~~~~~~~~~
compilation terminated.
configure:4828: $? = 1
configure: failed program was:
| /* confdefs.h */
| #define PACKAGE_NAME "BEETL"
| #define PACKAGE_TARNAME "beetl"
| #define PACKAGE_VERSION "1.1.0"
| #define PACKAGE_STRING "BEETL 1.1.0"
| #define PACKAGE_BUGREPORT "acox@illumina.com"
| #define PACKAGE_URL ""
| #define PACKAGE "beetl"
| #define VERSION "1.1.0"
| #define HAVE_CXX11 1
| /* end confdefs.h.  */
| #include <ac_nonexistent.h>
configure:4853: result: g++ -E
configure:4873: g++ -E  conftest.cpp
configure:4873: $? = 0
configure:4887: g++ -E  conftest.cpp
conftest.cpp:12:10: fatal error: ac_nonexistent.h: No such file or directory
   12 | #include <ac_nonexistent.h>
      |          ^~~~~~~~~~~~~~~~~~
compilation terminated.
configure:4887: $? = 1
configure: failed program was:
| /* confdefs.h */
| #define PACKAGE_NAME "BEETL"
| #define PACKAGE_TARNAME "beetl"
| #define PACKAGE_VERSION "1.1.0"
| #define PACKAGE_STRING "BEETL 1.1.0"
| #define PACKAGE_BUGREPORT "acox@illumina.com"
| #define PACKAGE_URL ""
| #define PACKAGE "beetl"
| #define VERSION "1.1.0"
| #define HAVE_CXX11 1
| /* end confdefs.h.  */
| #include <ac_nonexistent.h>
configure:4916: checking for grep that handles long lines and -e
configure:4974: result: /usr/bin/grep
configure:4979: checking for egrep
configure:5041: result: /usr/bin/grep -E
configure:5046: checking for ANSI C header files
configure:5066: g++ -c -g -O2  conftest.cpp >&5
configure:5066: $? = 0
configure:5139: g++ -o conftest -g -O2   conftest.cpp  >&5
configure:5139: $? = 0
configure:5139: ./conftest
configure:5139: $? = 0
configure:5150: result: yes
configure:5163: checking for sys/types.h
configure:5163: g++ -c -g -O2  conftest.cpp >&5
configure:5163: $? = 0
configure:5163: result: yes
configure:5163: checking for sys/stat.h
configure:5163: g++ -c -g -O2  conftest.cpp >&5
configure:5163: $? = 0
configure:5163: result: yes
configure:5163: checking for stdlib.h
configure:5163: g++ -c -g -O2  conftest.cpp >&5
configure:5163: $? = 0
configure:5163: result: yes
configure:5163: checking for string.h
configure:5163: g++ -c -g -O2  conftest.cpp >&5
configure:5163: $? = 0
configure:5163: result: yes
configure:5163: checking for memory.h
configure:5163: g++ -c -g -O2  conftest.cpp >&5
configure:5163: $? = 0
configure:5163: result: yes
configure:5163: checking for strings.h
configure:5163: g++ -c -g -O2  conftest.cpp >&5
configure:5163: $? = 0
configure:5163: result: yes
configure:5163: checking for inttypes.h
configure:5163: g++ -c -g -O2  conftest.cpp >&5
configure:5163: $? = 0
configure:5163: result: yes
configure:5163: checking for stdint.h
configure:5163: g++ -c -g -O2  conftest.cpp >&5
configure:5163: $? = 0
configure:5163: result: yes
configure:5163: checking for unistd.h
configure:5163: g++ -c -g -O2  conftest.cpp >&5
configure:5163: $? = 0
configure:5163: result: yes
configure:5178: checking fcntl.h usability
configure:5178: g++ -c -g -O2  conftest.cpp >&5
configure:5178: $? = 0
configure:5178: result: yes
configure:5178: checking fcntl.h presence
configure:5178: g++ -E  conftest.cpp
configure:5178: $? = 0
configure:5178: result: yes
configure:5178: checking for fcntl.h
configure:5178: result: yes
configure:5178: checking for stdlib.h
configure:5178: result: yes
configure:5178: checking for string.h
configure:5178: result: yes
configure:5178: checking sys/time.h usability
configure:5178: g++ -c -g -O2  conftest.cpp >&5
configure:5178: $? = 0
configure:5178: result: yes
configure:5178: checking sys/time.h presence
configure:5178: g++ -E  conftest.cpp
configure:5178: $? = 0
configure:5178: result: yes
configure:5178: checking for sys/time.h
configure:5178: result: yes
configure:5178: checking for unistd.h
configure:5178: result: yes
configure:5178: checking zlib.h usability
configure:5178: g++ -c -g -O2  conftest.cpp >&5
configure:5178: $? = 0
configure:5178: result: yes
configure:5178: checking zlib.h presence
configure:5178: g++ -E  conftest.cpp
configure:5178: $? = 0
configure:5178: result: yes
configure:5178: checking for zlib.h
configure:5178: result: yes
configure:5190: checking for stdbool.h that conforms to C99
configure:5257: g++ -c -g -O2  conftest.cpp >&5
conftest.cpp:31:15: error: expected unqualified-id before string constant
   31 |               "error: bool is not defined"
      |               ^~~~~~~~~~~~~~~~~~~~~~~~~~~~
conftest.cpp:49:48: error: 's' does not name a type
   49 |              struct s { _Bool s: 1; _Bool t; } s;
      |                                                ^
conftest.cpp:59:28: error: 's' was not declared in this scope
   59 |              char i[sizeof s.t];
      |                            ^
conftest.cpp: In function 'int main()':
conftest.cpp:77:24: error: 's' was not declared in this scope
   77 |              bool e = &s;
      |                        ^
conftest.cpp:81:63: error: 'i' was not declared in this scope
   81 |              return (!a + !b + !c + !d + !e + !f + !g + !h + !i + !!j + !k + !!l
      |                                                               ^
configure:5257: $? = 1
configure: failed program was:
| /* confdefs.h */
| #define PACKAGE_NAME "BEETL"
| #define PACKAGE_TARNAME "beetl"
| #define PACKAGE_VERSION "1.1.0"
| #define PACKAGE_STRING "BEETL 1.1.0"
| #define PACKAGE_BUGREPORT "acox@illumina.com"
| #define PACKAGE_URL ""
| #define PACKAGE "beetl"
| #define VERSION "1.1.0"
| #define HAVE_CXX11 1
| #define STDC_HEADERS 1
| #define HAVE_SYS_TYPES_H 1
| #define HAVE_SYS_STAT_H 1
| #define HAVE_STDLIB_H 1
| #define HAVE_STRING_H 1
| #define HAVE_MEMORY_H 1
| #define HAVE_STRINGS_H 1
| #define HAVE_INTTYPES_H 1
| #define HAVE_STDINT_H 1
| #define HAVE_UNISTD_H 1
| #define HAVE_FCNTL_H 1
| #define HAVE_STDLIB_H 1
| #define HAVE_STRING_H 1
| #define HAVE_SYS_TIME_H 1
| #define HAVE_UNISTD_H 1
| #define HAVE_ZLIB_H 1
| /* end confdefs.h.  */
| 
|              #include <stdbool.h>
|              #ifndef bool
|               "error: bool is not defined"
|              #endif
|              #ifndef false
|               "error: false is not defined"
|              #endif
|              #if false
|               "error: false is not 0"
|              #endif
|              #ifndef true
|               "error: true is not defined"
|              #endif
|              #if true != 1
|               "error: true is not 1"
|              #endif
|              #ifndef __bool_true_false_are_defined
|               "error: __bool_true_false_are_defined is not defined"
|              #endif
| 
|              struct s { _Bool s: 1; _Bool t; } s;
| 
|              char a[true == 1 ? 1 : -1];
|              char b[false == 0 ? 1 : -1];
|              char c[__bool_true_false_are_defined == 1 ? 1 : -1];
|              char d[(bool) 0.5 == true ? 1 : -1];
|              /* See body of main program for 'e'.  */
|              char f[(_Bool) 0.0 == false ? 1 : -1];
|              char g[true];
|              char h[sizeof (_Bool)];
|              char i[sizeof s.t];
|              enum { j = false, k = true, l = false * true, m = true * 256 };
|              /* The following fails for
|                 HP aC++/ANSI C B3910B A.05.55 [Dec 04 2003]. */
|              _Bool n[m];
|              char o[sizeof n == m * sizeof n[0] ? 1 : -1];
|              char p[-1 - (_Bool) 0 < 0 && -1 - (bool) 0 < 0 ? 1 : -1];
|              /* Catch a bug in an HP-UX C compiler.  See
|                 http://gcc.gnu.org/ml/gcc-patches/2003-12/msg02303.html
|                 http://lists.gnu.org/archive/html/bug-coreutils/2005-11/msg00161.html
|               */
|              _Bool q = true;
|              _Bool *pq = &q;
| 
| int
| main ()
| {
| 
|              bool e = &s;
|              *pq |= q;
|              *pq |= ! q;
|              /* Refer to every declared value, to avoid compiler optimizations.  */
|              return (!a + !b + !c + !d + !e + !f + !g + !h + !i + !!j + !k + !!l
|                      + !m + !n + !o + !p + !q + !pq);
| 
|   ;
|   return 0;
| }
configure:5264: result: no
configure:5266: checking for _Bool
configure:5266: g++ -c -g -O2  conftest.cpp >&5
conftest.cpp: In function 'int main()':
conftest.cpp:64:13: error: '_Bool' was not declared in this scope
   64 | if (sizeof (_Bool))
      |             ^~~~~
configure:5266: $? = 1
configure: failed program was:
| /* confdefs.h */
| #define PACKAGE_NAME "BEETL"
| #define PACKAGE_TARNAME "beetl"
| #define PACKAGE_VERSION "1.1.0"
| #define PACKAGE_STRING "BEETL 1.1.0"
| #define PACKAGE_BUGREPORT "acox@illumina.com"
| #define PACKAGE_URL ""
| #define PACKAGE "beetl"
| #define VERSION "1.1.0"
| #define HAVE_CXX11 1
| #define STDC_HEADERS 1
| #define HAVE_SYS_TYPES_H 1
| #define HAVE_SYS_STAT_H 1
| #define HAVE_STDLIB_H 1
| #define HAVE_STRING_H 1
| #define HAVE_MEMORY_H 1
| #define HAVE_STRINGS_H 1
| #define HAVE_INTTYPES_H 1
| #define HAVE_STDINT_H 1
| #define HAVE_UNISTD_H 1
| #define HAVE_FCNTL_H 1
| #define HAVE_STDLIB_H 1
| #define HAVE_STRING_H 1
| #define HAVE_SYS_TIME_H 1
| #define HAVE_UNISTD_H 1
| #define HAVE_ZLIB_H 1
| /* end confdefs.h.  */
| #include <stdio.h>
| #ifdef HAVE_SYS_TYPES_H
| # include <sys/types.h>
| #endif
| #ifdef HAVE_SYS_STAT_H
| # include <sys/stat.h>
| #endif
| #ifdef STDC_HEADERS
| # include <stdlib.h>
| # include <stddef.h>
| #else
| # ifdef HAVE_STDLIB_H
| #  include <stdlib.h>
| # endif
| #endif
| #ifdef HAVE_STRING_H
| # if !defined STDC_HEADERS && defined HAVE_MEMORY_H
| #  include <memory.h>
| # endif
| # include <string.h>
| #endif
| #ifdef HAVE_STRINGS_H
| # include <strings.h>
| #endif
| #ifdef HAVE_INTTYPES_H
| # include <inttypes.h>
| #endif
| #ifdef HAVE_STDINT_H
| # include <stdint.h>
| #endif
| #ifdef HAVE_UNISTD_H
| # include <unistd.h>
| #endif
| int
| main ()
| {
| if (sizeof (_Bool))
| 	 return 0;
|   ;
|   return 0;
| }
configure:5266: result: no
configure:5283: checking for an ANSI C-conforming const
configure:5349: g++ -c -g -O2  conftest.cpp >&5
configure:5349: $? = 0
configure:5356: result: yes
configure:5364: checking for off_t
configure:5364: g++ -c -g -O2  conftest.cpp >&5
configure:5364: $? = 0
configure:5364: g++ -c -g -O2  conftest.cpp >&5
conftest.cpp: In function 'int main()':
conftest.cpp:64:19: error: expected primary-expression before ')' token
   64 | if (sizeof ((off_t)))
      |                   ^
configure:5364: $? = 1
configure: failed program was:
| /* confdefs.h */
| #define PACKAGE_NAME "BEETL"
| #define PACKAGE_TARNAME "beetl"
| #define PACKAGE_VERSION "1.1.0"
| #define PACKAGE_STRING "BEETL 1.1.0"
| #define PACKAGE_BUGREPORT "acox@illumina.com"
| #define PACKAGE_URL ""
| #define PACKAGE "beetl"
| #define VERSION "1.1.0"
| #define HAVE_CXX11 1
| #define STDC_HEADERS 1
| #define HAVE_SYS_TYPES_H 1
| #define HAVE_SYS_STAT_H 1
| #define HAVE_STDLIB_H 1
| #define HAVE_STRING_H 1
| #define HAVE_MEMORY_H 1
| #define HAVE_STRINGS_H 1
| #define HAVE_INTTYPES_H 1
| #define HAVE_STDINT_H 1
| #define HAVE_UNISTD_H 1
| #define HAVE_FCNTL_H 1
| #define HAVE_STDLIB_H 1
| #define HAVE_STRING_H 1
| #define HAVE_SYS_TIME_H 1
| #define HAVE_UNISTD_H 1
| #define HAVE_ZLIB_H 1
| /* end confdefs.h.  */
| #include <stdio.h>
| #ifdef HAVE_SYS_TYPES_H
| # include <sys/types.h>
| #endif
| #ifdef HAVE_SYS_STAT_H
| # include <sys/stat.h>
| #endif
| #ifdef STDC_HEADERS
| # include <stdlib.h>
| # include <stddef.h>
| #else
| # ifdef HAVE_STDLIB_H
| #  include <stdlib.h>
| # endif
| #endif
| #ifdef HAVE_STRING_H
| # if !defined STDC_HEADERS && defined HAVE_MEMORY_H
| #  include <memory.h>
| # endif
| # include <string.h>
| #endif
| #ifdef HAVE_STRINGS_H
| # include <strings.h>
| #endif
| #ifdef HAVE_INTTYPES_H
| # include <inttypes.h>
| #endif
| #ifdef HAVE_STDINT_H
| # include <stdint.h>
| #endif
| #ifdef HAVE_UNISTD_H
| # include <unistd.h>
| #endif
| int
| main ()
| {
| if (sizeof ((off_t)))
| 	    return 0;
|   ;
|   return 0;
| }
configure:5364: result: yes
configure:5375: checking for size_t
configure:5375: g++ -c -g -O2  conftest.cpp >&5
configure:5375: $? = 0
configure:5375: g++ -c -g -O2  conftest.cpp >&5
conftest.cpp: In function 'int main()':
conftest.cpp:64:20: error: expected primary-expression before ')' token
   64 | if (sizeof ((size_t)))
      |                    ^
configure:5375: $? = 1
configure: failed program was:
| /* confdefs.h */
| #define PACKAGE_NAME "BEETL"
| #define PACKAGE_TARNAME "beetl"
| #define PACKAGE_VERSION "1.1.0"
| #define PACKAGE_STRING "BEETL 1.1.0"
| #define PACKAGE_BUGREPORT "acox@illumina.com"
| #define PACKAGE_URL ""
| #define PACKAGE "beetl"
| #define VERSION "1.1.0"
| #define HAVE_CXX11 1
| #define STDC_HEADERS 1
| #define HAVE_SYS_TYPES_H 1
| #define HAVE_SYS_STAT_H 1
| #define HAVE_STDLIB_H 1
| #define HAVE_STRING_H 1
| #define HAVE_MEMORY_H 1
| #define HAVE_STRINGS_H 1
| #define HAVE_INTTYPES_H 1
| #define HAVE_STDINT_H 1
| #define HAVE_UNISTD_H 1
| #define HAVE_FCNTL_H 1
| #define HAVE_STDLIB_H 1
| #define HAVE_STRING_H 1
| #define HAVE_SYS_TIME_H 1
| #define HAVE_UNISTD_H 1
| #define HAVE_ZLIB_H 1
| /* end confdefs.h.  */
| #include <stdio.h>
| #ifdef HAVE_SYS_TYPES_H
| # include <sys/types.h>
| #endif
| #ifdef HAVE_SYS_STAT_H
| # include <sys/stat.h>
| #endif
| #ifdef STDC_HEADERS
| # include <stdlib.h>
| # include <stddef.h>
| #else
| # ifdef HAVE_STDLIB_H
| #  include <stdlib.h>
| # endif
| #endif
| #ifdef HAVE_STRING_H
| # if !defined STDC_HEADERS && defined HAVE_MEMORY_H
| #  include <memory.h>
| # endif
| # include <string.h>
| #endif
| #ifdef HAVE_STRINGS_H
| # include <strings.h>
| #endif
| #ifdef HAVE_INTTYPES_H
| # include <inttypes.h>
| #endif
| #ifdef HAVE_STDINT_H
| # include <stdint.h>
| #endif
| #ifdef HAVE_UNISTD_H
| # include <unistd.h>
| #endif
| int
| main ()
| {
| if (sizeof ((size_t)))
| 	    return 0;
|   ;
|   return 0;
| }
configure:5375: result: yes
configure:5386: checking whether time.h and sys/time.h may both be included
configure:5406: g++ -c -g -O2  conftest.cpp >&5
configure:5406: $? = 0
configure:5413: result: yes
configure:5423: checking for error_at_line
configure:5439: g++ -o conftest -g -O2   conftest.cpp  >&5
configure:5439: $? = 0
configure:5447: result: yes
configure:5460: checking for stdlib.h
configure:5460: result: yes
configure:5470: checking for GNU libc compatible malloc
configure:5494: g++ -o conftest -g -O2   conftest.cpp  >&5
configure:5494: $? = 0
configure:5494: ./conftest
configure:5494: $? = 0
configure:5504: result: yes
configure:5532: checking whether lstat correctly handles trailing slash
configure:5558: g++ -o conftest -g -O2   conftest.cpp  >&5
configure:5558: $? = 0
configure:5558: ./conftest
configure:5558: $? = 0
configure:5575: result: yes
configure:5594: checking whether stat accepts an empty string
configure:5614: g++ -o conftest -g -O2   conftest.cpp  >&5
configure:5614: $? = 0
configure:5614: ./conftest
configure:5614: $? = 0
configure:5624: result: no
configure:5643: checking for floor
configure:5643: g++ -o conftest -g -O2   conftest.cpp  >&5
conftest.cpp:55:6: warning: declaration of 'char floor()' conflicts with built-in declaration 'double floor(double)' [-Wbuiltin-declaration-mismatch]
   55 | char floor ();
      |      ^~~~~
configure:5643: $? = 0
configure:5643: result: yes
configure:5643: checking for gettimeofday
configure:5643: g++ -o conftest -g -O2   conftest.cpp  >&5
configure:5643: $? = 0
configure:5643: result: yes
configure:5643: checking for memset
configure:5643: g++ -o conftest -g -O2   conftest.cpp  >&5
conftest.cpp:57:6: warning: declaration of 'char memset()' conflicts with built-in declaration 'void* memset(void*, int, long unsigned int)' [-Wbuiltin-declaration-mismatch]
   57 | char memset ();
      |      ^~~~~~
configure:5643: $? = 0
configure:5643: result: yes
configure:5643: checking for mkdir
configure:5643: g++ -o conftest -g -O2   conftest.cpp  >&5
configure:5643: $? = 0
configure:5643: result: yes
configure:5643: checking for strchr
configure:5643: g++ -o conftest -g -O2   conftest.cpp  >&5
conftest.cpp:59:6: warning: declaration of 'char strchr()' conflicts with built-in declaration 'char* strchr(const char*, int)' [-Wbuiltin-declaration-mismatch]
   59 | char strchr ();
      |      ^~~~~~
configure:5643: $? = 0
configure:5643: result: yes
configure:5643: checking for strtoul
configure:5643: g++ -o conftest -g -O2   conftest.cpp  >&5
configure:5643: $? = 0
configure:5643: result: yes
configure:5643: checking for strcasecmp
configure:5643: g++ -o conftest -g -O2   conftest.cpp  >&5
conftest.cpp:61:6: warning: declaration of 'char strcasecmp()' conflicts with built-in declaration 'int strcasecmp(const char*, const char*)' [-Wbuiltin-declaration-mismatch]
   61 | char strcasecmp ();
      |      ^~~~~~~~~~
configure:5643: $? = 0
configure:5643: result: yes
configure:5643: checking for posix_fadvise
configure:5643: g++ -o conftest -g -O2   conftest.cpp  >&5
configure:5643: $? = 0
configure:5643: result: yes
configure:5643: checking for sysinfo
configure:5643: g++ -o conftest -g -O2   conftest.cpp  >&5
configure:5643: $? = 0
configure:5643: result: yes
configure:5643: checking for sysctlbyname
configure:5643: g++ -o conftest -g -O2   conftest.cpp  >&5
/usr/bin/ld: /tmp/ccHWLuq3.o: in function `main':
/home/linuxlite/Scrivania/BEETL-RELEASE_1_1_0/build/conftest.cpp:75: undefined reference to `sysctlbyname'
collect2: error: ld returned 1 exit status
configure:5643: $? = 1
configure: failed program was:
| /* confdefs.h */
| #define PACKAGE_NAME "BEETL"
| #define PACKAGE_TARNAME "beetl"
| #define PACKAGE_VERSION "1.1.0"
| #define PACKAGE_STRING "BEETL 1.1.0"
| #define PACKAGE_BUGREPORT "acox@illumina.com"
| #define PACKAGE_URL ""
| #define PACKAGE "beetl"
| #define VERSION "1.1.0"
| #define HAVE_CXX11 1
| #define STDC_HEADERS 1
| #define HAVE_SYS_TYPES_H 1
| #define HAVE_SYS_STAT_H 1
| #define HAVE_STDLIB_H 1
| #define HAVE_STRING_H 1
| #define HAVE_MEMORY_H 1
| #define HAVE_STRINGS_H 1
| #define HAVE_INTTYPES_H 1
| #define HAVE_STDINT_H 1
| #define HAVE_UNISTD_H 1
| #define HAVE_FCNTL_H 1
| #define HAVE_STDLIB_H 1
| #define HAVE_STRING_H 1
| #define HAVE_SYS_TIME_H 1
| #define HAVE_UNISTD_H 1
| #define HAVE_ZLIB_H 1
| #define TIME_WITH_SYS_TIME 1
| #define HAVE_STDLIB_H 1
| #define HAVE_MALLOC 1
| #define LSTAT_FOLLOWS_SLASHED_SYMLINK 1
| #define HAVE_FLOOR 1
| #define HAVE_GETTIMEOFDAY 1
| #define HAVE_MEMSET 1
| #define HAVE_MKDIR 1
| #define HAVE_STRCHR 1
| #define HAVE_STRTOUL 1
| #define HAVE_STRCASECMP 1
| #define HAVE_POSIX_FADVISE 1
| #define HAVE_SYSINFO 1
| /* end confdefs.h.  */
| /* Define sysctlbyname to an innocuous variant, in case <limits.h> declares sysctlbyname.
|    For example, HP-UX 11i <limits.h> declares gettimeofday.  */
| #define sysctlbyname innocuous_sysctlbyname
| 
| /* System header to define __stub macros and hopefully few prototypes,
|     which can conflict with char sysctlbyname (); below.
|     Prefer <limits.h> to <assert.h> if __STDC__ is defined, since
|     <limits.h> exists even on freestanding compilers.  */
| 
| #ifdef __STDC__
| # include <limits.h>
| #else
| # include <assert.h>
| #endif
| 
| #undef sysctlbyname
| 
| /* Override any GCC internal prototype to avoid an error.
|    Use char because int might match the return type of a GCC
|    builtin and then its argument prototype would still apply.  */
| #ifdef __cplusplus
| extern "C"
| #endif
| char sysctlbyname ();
| /* The GNU C library defines this for functions which it implements
|     to always fail with ENOSYS.  Some functions are actually named
|     something starting with __ and the normal name is an alias.  */
| #if defined __stub_sysctlbyname || defined __stub___sysctlbyname
| choke me
| #endif
| 
| int
| main ()
| {
| return sysctlbyname ();
|   ;
|   return 0;
| }
configure:5643: result: no
configure:5643: checking for proc_pidpath
configure:5643: g++ -o conftest -g -O2   conftest.cpp  >&5
/usr/bin/ld: /tmp/ccfW3cCp.o: in function `main':
/home/linuxlite/Scrivania/BEETL-RELEASE_1_1_0/build/conftest.cpp:75: undefined reference to `proc_pidpath'
collect2: error: ld returned 1 exit status
configure:5643: $? = 1
configure: failed program was:
| /* confdefs.h */
| #define PACKAGE_NAME "BEETL"
| #define PACKAGE_TARNAME "beetl"
| #define PACKAGE_VERSION "1.1.0"
| #define PACKAGE_STRING "BEETL 1.1.0"
| #define PACKAGE_BUGREPORT "acox@illumina.com"
| #define PACKAGE_URL ""
| #define PACKAGE "beetl"
| #define VERSION "1.1.0"
| #define HAVE_CXX11 1
| #define STDC_HEADERS 1
| #define HAVE_SYS_TYPES_H 1
| #define HAVE_SYS_STAT_H 1
| #define HAVE_STDLIB_H 1
| #define HAVE_STRING_H 1
| #define HAVE_MEMORY_H 1
| #define HAVE_STRINGS_H 1
| #define HAVE_INTTYPES_H 1
| #define HAVE_STDINT_H 1
| #define HAVE_UNISTD_H 1
| #define HAVE_FCNTL_H 1
| #define HAVE_STDLIB_H 1
| #define HAVE_STRING_H 1
| #define HAVE_SYS_TIME_H 1
| #define HAVE_UNISTD_H 1
| #define HAVE_ZLIB_H 1
| #define TIME_WITH_SYS_TIME 1
| #define HAVE_STDLIB_H 1
| #define HAVE_MALLOC 1
| #define LSTAT_FOLLOWS_SLASHED_SYMLINK 1
| #define HAVE_FLOOR 1
| #define HAVE_GETTIMEOFDAY 1
| #define HAVE_MEMSET 1
| #define HAVE_MKDIR 1
| #define HAVE_STRCHR 1
| #define HAVE_STRTOUL 1
| #define HAVE_STRCASECMP 1
| #define HAVE_POSIX_FADVISE 1
| #define HAVE_SYSINFO 1
| /* end confdefs.h.  */
| /* Define proc_pidpath to an innocuous variant, in case <limits.h> declares proc_pidpath.
|    For example, HP-UX 11i <limits.h> declares gettimeofday.  */
| #define proc_pidpath innocuous_proc_pidpath
| 
| /* System header to define __stub macros and hopefully few prototypes,
|     which can conflict with char proc_pidpath (); below.
|     Prefer <limits.h> to <assert.h> if __STDC__ is defined, since
|     <limits.h> exists even on freestanding compilers.  */
| 
| #ifdef __STDC__
| # include <limits.h>
| #else
| # include <assert.h>
| #endif
| 
| #undef proc_pidpath
| 
| /* Override any GCC internal prototype to avoid an error.
|    Use char because int might match the return type of a GCC
|    builtin and then its argument prototype would still apply.  */
| #ifdef __cplusplus
| extern "C"
| #endif
| char proc_pidpath ();
| /* The GNU C library defines this for functions which it implements
|     to always fail with ENOSYS.  Some functions are actually named
|     something starting with __ and the normal name is an alias.  */
| #if defined __stub_proc_pidpath || defined __stub___proc_pidpath
| choke me
| #endif
| 
| int
| main ()
| {
| return proc_pidpath ();
|   ;
|   return 0;
| }
configure:5643: result: no
configure:5756: checking that generated files are newer than configure
configure:5762: result: done
configure:5789: creating ./config.status

## ---------------------- ##
## Running config.status. ##
## ---------------------- ##

This file was extended by BEETL config.status 1.1.0, which was
generated by GNU Autoconf 2.69.  Invocation command line was

  CONFIG_FILES    = 
  CONFIG_HEADERS  = 
  CONFIG_LINKS    = 
  CONFIG_COMMANDS = 
  $ ./config.status 

on linuxlite-VirtualBox

config.status:897: creating Makefile
config.status:897: creating src/Makefile
config.status:897: creating src/frontends/Makefile
config.status:897: creating src/frontends/beetl
config.status:897: creating src/metagenomics/Makefile
config.status:897: creating scripts/Makefile
config.status:897: creating scripts/lcp/Makefile
config.status:897: creating scripts/tumourNormalFiltering/Makefile
config.status:897: creating scripts/BEETL-fastq/Makefile
config.status:897: creating scripts/perSubsetDistributedLauncher/Makefile
config.status:897: creating share/Makefile
config.status:897: creating tests/Makefile
config.status:897: creating doc/Makefile
config.status:897: creating config.h
config.status:1111: executing depfiles commands
config.status:1188: cd src       && sed -e '/# am--include-marker/d' Makefile         | make -f - am--depfiles
make: Nothing to be done for 'am--depfiles'.
config.status:1193: $? = 0
config.status:1188: cd src/frontends       && sed -e '/# am--include-marker/d' Makefile         | make -f - am--depfiles
make: Nothing to be done for 'am--depfiles'.
config.status:1193: $? = 0
config.status:1188: cd src/metagenomics       && sed -e '/# am--include-marker/d' Makefile         | make -f - am--depfiles
make: Nothing to be done for 'am--depfiles'.
config.status:1193: $? = 0

## ---------------- ##
## Cache variables. ##
## ---------------- ##

ac_cv_c_compiler_gnu=yes
ac_cv_c_const=yes
ac_cv_cxx_compiler_gnu=yes
ac_cv_env_CCC_set=
ac_cv_env_CCC_value=
ac_cv_env_CC_set=
ac_cv_env_CC_value=
ac_cv_env_CFLAGS_set=
ac_cv_env_CFLAGS_value=
ac_cv_env_CPPFLAGS_set=
ac_cv_env_CPPFLAGS_value=
ac_cv_env_CXXCPP_set=
ac_cv_env_CXXCPP_value=
ac_cv_env_CXXFLAGS_set=
ac_cv_env_CXXFLAGS_value=
ac_cv_env_CXX_set=
ac_cv_env_CXX_value=
ac_cv_env_LDFLAGS_set=
ac_cv_env_LDFLAGS_value=
ac_cv_env_LIBS_set=
ac_cv_env_LIBS_value=
ac_cv_env_build_alias_set=
ac_cv_env_build_alias_value=
ac_cv_env_host_alias_set=
ac_cv_env_host_alias_value=
ac_cv_env_target_alias_set=
ac_cv_env_target_alias_value=
ac_cv_func_floor=yes
ac_cv_func_gettimeofday=yes
ac_cv_func_lstat_dereferences_slashed_symlink=yes
ac_cv_func_malloc_0_nonnull=yes
ac_cv_func_memset=yes
ac_cv_func_mkdir=yes
ac_cv_func_posix_fadvise=yes
ac_cv_func_proc_pidpath=no
ac_cv_func_setvbuf_reversed=no
ac_cv_func_stat_empty_string_bug=no
ac_cv_func_strcasecmp=yes
ac_cv_func_strchr=yes
ac_cv_func_strtoul=yes
ac_cv_func_sysctlbyname=no
ac_cv_func_sysinfo=yes
ac_cv_header_fcntl_h=yes
ac_cv_header_inttypes_h=yes
ac_cv_header_memory_h=yes
ac_cv_header_stdbool_h=no
ac_cv_header_stdc=yes
ac_cv_header_stdint_h=yes
ac_cv_header_stdlib_h=yes
ac_cv_header_string_h=yes
ac_cv_header_strings_h=yes
ac_cv_header_sys_stat_h=yes
ac_cv_header_sys_time_h=yes
ac_cv_header_sys_types_h=yes
ac_cv_header_time=yes
ac_cv_header_unistd_h=yes
ac_cv_header_zlib_h=yes
ac_cv_lib_error_at_line=yes
ac_cv_objext=o
ac_cv_path_EGREP='/usr/bin/grep -E'
ac_cv_path_GREP=/usr/bin/grep
ac_cv_path_install='/usr/bin/install -c'
ac_cv_path_mkdir=/usr/bin/mkdir
ac_cv_prog_AWK=gawk
ac_cv_prog_CXXCPP='g++ -E'
ac_cv_prog_ac_ct_CC=gcc
ac_cv_prog_ac_ct_CXX=g++
ac_cv_prog_ac_ct_RANLIB=ranlib
ac_cv_prog_cc_c89=
ac_cv_prog_cc_g=yes
ac_cv_prog_cxx_g=yes
ac_cv_prog_cxx_openmp=-fopenmp
ac_cv_prog_make_make_set=yes
ac_cv_type__Bool=no
ac_cv_type_off_t=yes
ac_cv_type_size_t=yes
am_cv_CC_dependencies_compiler_type=gcc3
am_cv_CXX_dependencies_compiler_type=gcc3
am_cv_make_support_nested_variables=yes
am_cv_prog_cc_c_o=yes
ax_cv_cxx_compile_cxx11=yes

## ----------------- ##
## Output variables. ##
## ----------------- ##

ACLOCAL='${SHELL} /home/linuxlite/Scrivania/BEETL-RELEASE_1_1_0/missing aclocal-1.16'
AMDEPBACKSLASH='\'
AMDEP_FALSE='#'
AMDEP_TRUE=''
AMTAR='$${TAR-tar}'
AM_BACKSLASH='\'
AM_DEFAULT_V='$(AM_DEFAULT_VERBOSITY)'
AM_DEFAULT_VERBOSITY='1'
AM_V='$(V)'
AUTOCONF='${SHELL} /home/linuxlite/Scrivania/BEETL-RELEASE_1_1_0/missing autoconf'
AUTOHEADER='${SHELL} /home/linuxlite/Scrivania/BEETL-RELEASE_1_1_0/missing autoheader'
AUTOMAKE='${SHELL} /home/linuxlite/Scrivania/BEETL-RELEASE_1_1_0/missing automake-1.16'
AWK='gawk'
BOOST_CXXFLAGS=''
BOOST_LDADD=''
BOOST_LDFLAGS=''
BOOST_PATH='not found (but only used for experimental stuff)'
CC='gcc'
CCDEPMODE='depmode=gcc3'
CFLAGS='-g -O2'
CPPFLAGS=''
CXX='g++'
CXXCPP='g++ -E'
CXXDEPMODE='depmode=gcc3'
CXXFLAGS='-g -O2'
CYGPATH_W='echo'
DEFS='-DHAVE_CONFIG_H'
DEPDIR='.deps'
ECHO_C=''
ECHO_N='-n'
ECHO_T=''
EGREP='/usr/bin/grep -E'
EXEEXT=''
GREP='/usr/bin/grep'
HAVE_CXX11='1'
INSTALL_DATA='${INSTALL} -m 644'
INSTALL_PROGRAM='${INSTALL}'
INSTALL_SCRIPT='${INSTALL}'
INSTALL_STRIP_PROGRAM='$(install_sh) -c -s'
LDFLAGS=''
LIBOBJS=''
LIBS=''
LN_S='ln -s'
LTLIBOBJS=''
MAKEINFO='${SHELL} /home/linuxlite/Scrivania/BEETL-RELEASE_1_1_0/missing makeinfo'
MKDIR_P='/usr/bin/mkdir -p'
OBJEXT='o'
OPENMP_CXXFLAGS='-fopenmp'
PACKAGE='beetl'
PACKAGE_BUGREPORT='acox@illumina.com'
PACKAGE_NAME='BEETL'
PACKAGE_STRING='BEETL 1.1.0'
PACKAGE_TARNAME='beetl'
PACKAGE_URL=''
PACKAGE_VERSION='1.1.0'
PATH_SEPARATOR=':'
RANLIB='ranlib'
SEQAN_CXXFLAGS=''
SEQAN_PATH='not found (Metagenomics tool '\''makeBWTSkew'\'' will be unavailable - download at www.seqan.de)'
SET_MAKE=''
SHELL='/bin/bash'
STRIP=''
VERSION='1.1.0'
ac_ct_CC='gcc'
ac_ct_CXX='g++'
am__EXEEXT_FALSE=''
am__EXEEXT_TRUE='#'
am__fastdepCC_FALSE='#'
am__fastdepCC_TRUE=''
am__fastdepCXX_FALSE='#'
am__fastdepCXX_TRUE=''
am__include='include'
am__isrc=' -I$(srcdir)'
am__leading_dot='.'
am__nodep='_no'
am__quote=''
am__tar='$${TAR-tar} chof - "$$tardir"'
am__untar='$${TAR-tar} xf -'
bindir='${exec_prefix}/bin'
build_alias=''
datadir='${datarootdir}'
datarootdir='${prefix}/share'
docdir='${datarootdir}/doc/${PACKAGE_TARNAME}'
dvidir='${docdir}'
exec_prefix='${prefix}'
host_alias=''
htmldir='${docdir}'
includedir='${prefix}/include'
infodir='${datarootdir}/info'
install_sh='${SHELL} /home/linuxlite/Scrivania/BEETL-RELEASE_1_1_0/install-sh'
libdir='${exec_prefix}/lib'
libexecdir='${exec_prefix}/libexec'
localedir='${datarootdir}/locale'
localstatedir='${prefix}/var'
mandir='${datarootdir}/man'
mkdir_p='$(MKDIR_P)'
oldincludedir='/usr/include'
pdfdir='${docdir}'
prefix='/usr/local'
program_transform_name='s,x,x,'
psdir='${docdir}'
runstatedir='${localstatedir}/run'
sbindir='${exec_prefix}/sbin'
sharedstatedir='${prefix}/com'
sysconfdir='${prefix}/etc'
target_alias=''

## ----------- ##
## confdefs.h. ##
## ----------- ##

/* confdefs.h */
#define PACKAGE_NAME "BEETL"
#define PACKAGE_TARNAME "beetl"
#define PACKAGE_VERSION "1.1.0"
#define PACKAGE_STRING "BEETL 1.1.0"
#define PACKAGE_BUGREPORT "acox@illumina.com"
#define PACKAGE_URL ""
#define PACKAGE "beetl"
#define VERSION "1.1.0"
#define HAVE_CXX11 1
#define STDC_HEADERS 1
#define HAVE_SYS_TYPES_H 1
#define HAVE_SYS_STAT_H 1
#define HAVE_STDLIB_H 1
#define HAVE_STRING_H 1
#define HAVE_MEMORY_H 1
#define HAVE_STRINGS_H 1
#define HAVE_INTTYPES_H 1
#define HAVE_STDINT_H 1
#define HAVE_UNISTD_H 1
#define HAVE_FCNTL_H 1
#define HAVE_STDLIB_H 1
#define HAVE_STRING_H 1
#define HAVE_SYS_TIME_H 1
#define HAVE_UNISTD_H 1
#define HAVE_ZLIB_H 1
#define TIME_WITH_SYS_TIME 1
#define HAVE_STDLIB_H 1
#define HAVE_MALLOC 1
#define LSTAT_FOLLOWS_SLASHED_SYMLINK 1
#define HAVE_FLOOR 1
#define HAVE_GETTIMEOFDAY 1
#define HAVE_MEMSET 1
#define HAVE_MKDIR 1
#define HAVE_STRCHR 1
#define HAVE_STRTOUL 1
#define HAVE_STRCASECMP 1
#define HAVE_POSIX_FADVISE 1
#define HAVE_SYSINFO 1

configure: exit 0

## ---------------------- ##
## Running config.status. ##
## ---------------------- ##

This file was extended by BEETL config.status 1.1.0, which was
generated by GNU Autoconf 2.69.  Invocation command line was

  CONFIG_FILES    = 
  CONFIG_HEADERS  = 
  CONFIG_LINKS    = 
  CONFIG_COMMANDS = 
  $ ./config.status src/Makefile depfiles

on linuxlite-VirtualBox

config.status:897: creating src/Makefile
config.status:1111: executing depfiles commands
config.status:1188: cd src       && sed -e '/# am--include-marker/d' Makefile         | make -f - am--depfiles
make[3]: Entering directory '/home/linuxlite/Scrivania/BEETL-RELEASE_1_1_0/build/src'
make[3]: Nothing to be done for 'am--depfiles'.
make[3]: Leaving directory '/home/linuxlite/Scrivania/BEETL-RELEASE_1_1_0/build/src'
config.status:1193: $? = 0

## ---------------------- ##
## Running config.status. ##
## ---------------------- ##

This file was extended by BEETL config.status 1.1.0, which was
generated by GNU Autoconf 2.69.  Invocation command line was

  CONFIG_FILES    = 
  CONFIG_HEADERS  = 
  CONFIG_LINKS    = 
  CONFIG_COMMANDS = 
  $ ./config.status src/frontends/Makefile depfiles

on linuxlite-VirtualBox

config.status:897: creating src/frontends/Makefile
config.status:1111: executing depfiles commands
config.status:1188: cd src/frontends       && sed -e '/# am--include-marker/d' Makefile         | make -f - am--depfiles
make[4]: Entering directory '/home/linuxlite/Scrivania/BEETL-RELEASE_1_1_0/build/src/frontends'
make[4]: Nothing to be done for 'am--depfiles'.
make[4]: Leaving directory '/home/linuxlite/Scrivania/BEETL-RELEASE_1_1_0/build/src/frontends'
config.status:1193: $? = 0

## ---------------------- ##
## Running config.status. ##
## ---------------------- ##

This file was extended by BEETL config.status 1.1.0, which was
generated by GNU Autoconf 2.69.  Invocation command line was

  CONFIG_FILES    = 
  CONFIG_HEADERS  = 
  CONFIG_LINKS    = 
  CONFIG_COMMANDS = 
  $ ./config.status src/Makefile depfiles

on linuxlite-VirtualBox

config.status:897: creating src/Makefile
config.status:1111: executing depfiles commands
config.status:1188: cd src       && sed -e '/# am--include-marker/d' Makefile         | make -f - am--depfiles
make[3]: Entering directory '/home/linuxlite/Scrivania/BEETL-RELEASE_1_1_0/build/src'
make[3]: Nothing to be done for 'am--depfiles'.
make[3]: Leaving directory '/home/linuxlite/Scrivania/BEETL-RELEASE_1_1_0/build/src'
config.status:1193: $? = 0

## ---------------------- ##
## Running config.status. ##
## ---------------------- ##

This file was extended by BEETL config.status 1.1.0, which was
generated by GNU Autoconf 2.69.  Invocation command line was

  CONFIG_FILES    = 
  CONFIG_HEADERS  = 
  CONFIG_LINKS    = 
  CONFIG_COMMANDS = 
  $ ./config.status src/frontends/Makefile depfiles

on linuxlite-VirtualBox

config.status:897: creating src/frontends/Makefile
config.status:1111: executing depfiles commands
config.status:1188: cd src/frontends       && sed -e '/# am--include-marker/d' Makefile         | make -f - am--depfiles
make[4]: Entering directory '/home/linuxlite/Scrivania/BEETL-RELEASE_1_1_0/build/src/frontends'
make[4]: Nothing to be done for 'am--depfiles'.
make[4]: Leaving directory '/home/linuxlite/Scrivania/BEETL-RELEASE_1_1_0/build/src/frontends'
config.status:1193: $? = 0

## ---------------------- ##
## Running config.status. ##
## ---------------------- ##

This file was extended by BEETL config.status 1.1.0, which was
generated by GNU Autoconf 2.69.  Invocation command line was

  CONFIG_FILES    = 
  CONFIG_HEADERS  = 
  CONFIG_LINKS    = 
  CONFIG_COMMANDS = 
  $ ./config.status src/frontends/beetl

on linuxlite-VirtualBox

config.status:897: creating src/frontends/beetl

## ---------------------- ##
## Running config.status. ##
## ---------------------- ##

This file was extended by BEETL config.status 1.1.0, which was
generated by GNU Autoconf 2.69.  Invocation command line was

  CONFIG_FILES    = 
  CONFIG_HEADERS  = 
  CONFIG_LINKS    = 
  CONFIG_COMMANDS = 
  $ ./config.status src/metagenomics/Makefile depfiles

on linuxlite-VirtualBox

config.status:897: creating src/metagenomics/Makefile
config.status:1111: executing depfiles commands
config.status:1188: cd src/metagenomics       && sed -e '/# am--include-marker/d' Makefile         | make -f - am--depfiles
make[4]: Entering directory '/home/linuxlite/Scrivania/BEETL-RELEASE_1_1_0/build/src/metagenomics'
make[4]: Nothing to be done for 'am--depfiles'.
make[4]: Leaving directory '/home/linuxlite/Scrivania/BEETL-RELEASE_1_1_0/build/src/metagenomics'
config.status:1193: $? = 0
